#
# There is insufficient memory for the Java Runtime Environment to continue.
# Native memory allocation (malloc) failed to allocate 32744 bytes for ChunkPool::allocate
# Possible reasons:
#   The system is out of physical RAM or swap space
#   The process is running with CompressedOops enabled, and the Java Heap may be blocking the growth of the native heap
# Possible solutions:
#   Reduce memory load on the system
#   Increase physical memory or swap space
#   Check if swap backing store is full
#   Decrease Java heap size (-Xmx/-Xms)
#   Decrease number of Java threads
#   Decrease Java thread stack sizes (-Xss)
#   Set larger code cache with -XX:ReservedCodeCacheSize=
#   JVM is running with Unscaled Compressed Oops mode in which the Java heap is
#     placed in the first 4GB address space. The Java Heap base address is the
#     maximum limit for the native heap growth. Please use -XX:HeapBaseMinAddress
#     to set the Java Heap base and to place the Java Heap above 4GB virtual address.
# This output file may be truncated or incomplete.
#
#  Out of Memory Error (allocation.cpp:272), pid=4368, tid=0x0000000000001960
#
# JRE version: OpenJDK Runtime Environment (8.0_242-b01) (build 1.8.0_242-release-1644-b01)
# Java VM: OpenJDK 64-Bit Server VM (25.242-b01 mixed mode windows-amd64 compressed oops)
# Failed to write core dump. Minidumps are not enabled by default on client versions of Windows
#

---------------  T H R E A D  ---------------

Current thread (0x00000000173ca000):  JavaThread "C2 CompilerThread0" daemon [_thread_in_native, id=6496, stack(0x00000000189f0000,0x0000000018af0000)]

Stack: [0x00000000189f0000,0x0000000018af0000]
[error occurred during error reporting (printing stack bounds), id 0xc0000005]

Native frames: (J=compiled Java code, j=interpreted, Vv=VM code, C=native code)


Current CompileTask:
C2:  10904 1538       4       java.net.URLClassLoader$1::run (5 bytes)


---------------  P R O C E S S  ---------------

Java Threads: ( => current thread )
  0x000000001a4a0000 JavaThread "Cache worker for file hash cache (C:\Users\Dazai\.gradle\caches\6.5\fileHashes)" [_thread_blocked, id=1956, stack(0x000000001d3b0000,0x000000001d4b0000)]
  0x000000001a4a4800 JavaThread "File lock request listener" [_thread_in_native, id=6788, stack(0x000000001d2b0000,0x000000001d3b0000)]
  0x000000001a026800 JavaThread "Cache worker for journal cache (C:\Users\Dazai\.gradle\caches\journal-1)" [_thread_blocked, id=5444, stack(0x000000001d0b0000,0x000000001d1b0000)]
  0x000000001937a000 JavaThread "Thread-9" [_thread_blocked, id=4008, stack(0x000000001cdb0000,0x000000001ceb0000)]
  0x00000000190d1000 JavaThread "Stdin handler" [_thread_blocked, id=3296, stack(0x000000001ccb0000,0x000000001cdb0000)]
  0x00000000190d0800 JavaThread "Asynchronous log dispatcher for DefaultDaemonConnection: socket connection from /127.0.0.1:49584 to /127.0.0.1:49585" [_thread_blocked, id=2396, stack(0x000000001cbb0000,0x000000001ccb0000)]
  0x000000001a0a4000 JavaThread "Daemon worker" [_thread_in_Java, id=1408, stack(0x000000001cab0000,0x000000001cbb0000)]
  0x000000001a09b000 JavaThread "Cancel handler" [_thread_blocked, id=2592, stack(0x000000001c9b0000,0x000000001cab0000)]
  0x0000000018d33000 JavaThread "Handler for socket connection from /127.0.0.1:49584 to /127.0.0.1:49585" [_thread_in_native, id=6924, stack(0x000000001c8b0000,0x000000001c9b0000)]
  0x0000000018f2b800 JavaThread "Daemon" [_thread_blocked, id=5976, stack(0x000000001c7b0000,0x000000001c8b0000)]
  0x000000001a06d800 JavaThread "Daemon periodic checks" [_thread_blocked, id=2300, stack(0x000000001c4b0000,0x000000001c5b0000)]
  0x000000001a06c800 JavaThread "Incoming local TCP Connector on port 49584" [_thread_in_native, id=4352, stack(0x000000001c2d0000,0x000000001c3d0000)]
  0x000000001ab50800 JavaThread "Daemon health stats" [_thread_blocked, id=1688, stack(0x000000001bc90000,0x000000001bd90000)]
  0x0000000018d20800 JavaThread "Service Thread" daemon [_thread_blocked, id=1832, stack(0x00000000190f0000,0x00000000191f0000)]
  0x00000000173d5800 JavaThread "C1 CompilerThread2" daemon [_thread_in_native, id=4548, stack(0x0000000018bf0000,0x0000000018cf0000)]
  0x00000000173ce000 JavaThread "C2 CompilerThread1" daemon [_thread_in_native, id=3008, stack(0x0000000018af0000,0x0000000018bf0000)]
=>0x00000000173ca000 JavaThread "C2 CompilerThread0" daemon [_thread_in_native, id=6496, stack(0x00000000189f0000,0x0000000018af0000)]
  0x00000000173c4000 JavaThread "Attach Listener" daemon [_thread_blocked, id=3652, stack(0x00000000188f0000,0x00000000189f0000)]
  0x00000000173c3000 JavaThread "Signal Dispatcher" daemon [_thread_blocked, id=3636, stack(0x00000000187f0000,0x00000000188f0000)]
  0x000000000279c000 JavaThread "Finalizer" daemon [_thread_blocked, id=1244, stack(0x0000000018610000,0x0000000018710000)]
  0x00000000173a9800 JavaThread "Reference Handler" daemon [_thread_blocked, id=5480, stack(0x0000000018510000,0x0000000018610000)]
  0x000000000269d800 JavaThread "main" [_thread_blocked, id=2884, stack(0x0000000002510000,0x0000000002610000)]

Other Threads:
  0x0000000017387000 VMThread [stack: 0x0000000018410000,0x0000000018510000] [id=1152]
  0x00000000173fa800 WatcherThread [stack: 0x00000000191f0000,0x00000000192f0000] [id=4424]

VM state:not at safepoint (normal execution)

VM Mutex/Monitor currently owned by a thread: None

heap address: 0x0000000080000000, size: 2048 MB, Compressed Oops mode: 32-bit
Narrow klass base: 0x0000000000000000, Narrow klass shift: 3
Compressed class space size: 1073741824 Address: 0x0000000100000000

Heap:
 PSYoungGen      total 38400K, used 20201K [0x00000000d5580000, 0x00000000d8000000, 0x0000000100000000)
  eden space 33280K, 45% used [0x00000000d5580000,0x00000000d643e3d8,0x00000000d7600000)
  from space 5120K, 99% used [0x00000000d7b00000,0x00000000d7ffc0f0,0x00000000d8000000)
  to   space 5120K, 0% used [0x00000000d7600000,0x00000000d7600000,0x00000000d7b00000)
 ParOldGen       total 87552K, used 3290K [0x0000000080000000, 0x0000000085580000, 0x00000000d5580000)
  object space 87552K, 3% used [0x0000000080000000,0x0000000080336800,0x0000000085580000)
 Metaspace       used 16711K, capacity 17366K, committed 17536K, reserved 1064960K
  class space    used 2230K, capacity 2411K, committed 2432K, reserved 1048576K

Card table byte_map: [0x0000000011b60000,0x0000000011f70000] byte_map_base: 0x0000000011760000

Marking Bits: (ParMarkBitMap*) 0x00000000761cf030
 Begin Bits: [0x0000000012620000, 0x0000000014620000)
 End Bits:   [0x0000000014620000, 0x0000000016620000)

Polling page: 0x0000000000d70000

CodeCache: size=245760Kb used=5192Kb max_used=5192Kb free=240567Kb
 bounds [0x00000000027a0000, 0x0000000002cd0000, 0x00000000117a0000]
 total_blobs=1862 nmethods=1462 adapters=313
 compilation: enabled

Compilation events (10 events):
Event: 10.698 Thread 0x00000000173d5800 nmethod 1579 0x0000000002cae5d0 code [0x0000000002cae740, 0x0000000002cae998]
Event: 10.715 Thread 0x00000000173d5800 1582       3       org.gradle.internal.service.DefaultServiceRegistry$OwnServices::getProviders (26 bytes)
Event: 10.716 Thread 0x00000000173d5800 nmethod 1582 0x0000000002cadf50 code [0x0000000002cae0e0, 0x0000000002cae4a8]
Event: 10.743 Thread 0x00000000173d5800 1584       3       jdk.internal.org.objectweb.asm.Frame::<init> (5 bytes)
Event: 10.743 Thread 0x00000000173d5800 nmethod 1584 0x00000000029d3610 code [0x00000000029d3760, 0x00000000029d3910]
Event: 10.782 Thread 0x00000000173ce000 1585   !   4       java.net.URLClassLoader$1::run (63 bytes)
Event: 10.811 Thread 0x00000000173d5800 1586   !   3       org.gradle.internal.classloader.TransformingClassLoader::findClass (203 bytes)
Event: 10.821 Thread 0x00000000173d5800 nmethod 1586 0x0000000002cc1490 code [0x0000000002cc1940, 0x0000000002cc46f8]
Event: 10.821 Thread 0x00000000173d5800 1587       3       org.gradle.initialization.MixInLegacyTypesClassLoader::shouldTransform (42 bytes)
Event: 10.822 Thread 0x00000000173d5800 nmethod 1587 0x00000000029d2e90 code [0x00000000029d3020, 0x00000000029d3478]

GC Heap History (8 events):
Event: 3.745 GC heap before
{Heap before GC invocations=1 (full 0):
 PSYoungGen      total 38400K, used 33280K [0x00000000d5580000, 0x00000000d8000000, 0x0000000100000000)
  eden space 33280K, 100% used [0x00000000d5580000,0x00000000d7600000,0x00000000d7600000)
  from space 5120K, 0% used [0x00000000d7b00000,0x00000000d7b00000,0x00000000d8000000)
  to   space 5120K, 0% used [0x00000000d7600000,0x00000000d7600000,0x00000000d7b00000)
 ParOldGen       total 87552K, used 0K [0x0000000080000000, 0x0000000085580000, 0x00000000d5580000)
  object space 87552K, 0% used [0x0000000080000000,0x0000000080000000,0x0000000085580000)
 Metaspace       used 7221K, capacity 7446K, committed 7680K, reserved 1056768K
  class space    used 890K, capacity 973K, committed 1024K, reserved 1048576K
Event: 3.767 GC heap after
Heap after GC invocations=1 (full 0):
 PSYoungGen      total 38400K, used 4381K [0x00000000d5580000, 0x00000000d8000000, 0x0000000100000000)
  eden space 33280K, 0% used [0x00000000d5580000,0x00000000d5580000,0x00000000d7600000)
  from space 5120K, 85% used [0x00000000d7600000,0x00000000d7a47498,0x00000000d7b00000)
  to   space 5120K, 0% used [0x00000000d7b00000,0x00000000d7b00000,0x00000000d8000000)
 ParOldGen       total 87552K, used 16K [0x0000000080000000, 0x0000000085580000, 0x00000000d5580000)
  object space 87552K, 0% used [0x0000000080000000,0x0000000080004000,0x0000000085580000)
 Metaspace       used 7221K, capacity 7446K, committed 7680K, reserved 1056768K
  class space    used 890K, capacity 973K, committed 1024K, reserved 1048576K
}
Event: 5.157 GC heap before
{Heap before GC invocations=2 (full 0):
 PSYoungGen      total 38400K, used 37661K [0x00000000d5580000, 0x00000000d8000000, 0x0000000100000000)
  eden space 33280K, 100% used [0x00000000d5580000,0x00000000d7600000,0x00000000d7600000)
  from space 5120K, 85% used [0x00000000d7600000,0x00000000d7a47498,0x00000000d7b00000)
  to   space 5120K, 0% used [0x00000000d7b00000,0x00000000d7b00000,0x00000000d8000000)
 ParOldGen       total 87552K, used 16K [0x0000000080000000, 0x0000000085580000, 0x00000000d5580000)
  object space 87552K, 0% used [0x0000000080000000,0x0000000080004000,0x0000000085580000)
 Metaspace       used 7470K, capacity 7758K, committed 7936K, reserved 1056768K
  class space    used 917K, capacity 1013K, committed 1024K, reserved 1048576K
Event: 5.174 GC heap after
Heap after GC invocations=2 (full 0):
 PSYoungGen      total 38400K, used 3261K [0x00000000d5580000, 0x00000000d8000000, 0x0000000100000000)
  eden space 33280K, 0% used [0x00000000d5580000,0x00000000d5580000,0x00000000d7600000)
  from space 5120K, 63% used [0x00000000d7b00000,0x00000000d7e2f7d0,0x00000000d8000000)
  to   space 5120K, 0% used [0x00000000d7600000,0x00000000d7600000,0x00000000d7b00000)
 ParOldGen       total 87552K, used 24K [0x0000000080000000, 0x0000000085580000, 0x00000000d5580000)
  object space 87552K, 0% used [0x0000000080000000,0x0000000080006000,0x0000000085580000)
 Metaspace       used 7470K, capacity 7758K, committed 7936K, reserved 1056768K
  class space    used 917K, capacity 1013K, committed 1024K, reserved 1048576K
}
Event: 8.768 GC heap before
{Heap before GC invocations=3 (full 0):
 PSYoungGen      total 38400K, used 36541K [0x00000000d5580000, 0x00000000d8000000, 0x0000000100000000)
  eden space 33280K, 100% used [0x00000000d5580000,0x00000000d7600000,0x00000000d7600000)
  from space 5120K, 63% used [0x00000000d7b00000,0x00000000d7e2f7d0,0x00000000d8000000)
  to   space 5120K, 0% used [0x00000000d7600000,0x00000000d7600000,0x00000000d7b00000)
 ParOldGen       total 87552K, used 24K [0x0000000080000000, 0x0000000085580000, 0x00000000d5580000)
  object space 87552K, 0% used [0x0000000080000000,0x0000000080006018,0x0000000085580000)
 Metaspace       used 12166K, capacity 12508K, committed 12800K, reserved 1060864K
  class space    used 1618K, capacity 1738K, committed 1792K, reserved 1048576K
Event: 8.788 GC heap after
Heap after GC invocations=3 (full 0):
 PSYoungGen      total 38400K, used 5104K [0x00000000d5580000, 0x00000000d8000000, 0x0000000100000000)
  eden space 33280K, 0% used [0x00000000d5580000,0x00000000d5580000,0x00000000d7600000)
  from space 5120K, 99% used [0x00000000d7600000,0x00000000d7afc010,0x00000000d7b00000)
  to   space 5120K, 0% used [0x00000000d7b00000,0x00000000d7b00000,0x00000000d8000000)
 ParOldGen       total 87552K, used 1088K [0x0000000080000000, 0x0000000085580000, 0x00000000d5580000)
  object space 87552K, 1% used [0x0000000080000000,0x0000000080110000,0x0000000085580000)
 Metaspace       used 12166K, capacity 12508K, committed 12800K, reserved 1060864K
  class space    used 1618K, capacity 1738K, committed 1792K, reserved 1048576K
}
Event: 10.208 GC heap before
{Heap before GC invocations=4 (full 0):
 PSYoungGen      total 38400K, used 38384K [0x00000000d5580000, 0x00000000d8000000, 0x0000000100000000)
  eden space 33280K, 100% used [0x00000000d5580000,0x00000000d7600000,0x00000000d7600000)
  from space 5120K, 99% used [0x00000000d7600000,0x00000000d7afc010,0x00000000d7b00000)
  to   space 5120K, 0% used [0x00000000d7b00000,0x00000000d7b00000,0x00000000d8000000)
 ParOldGen       total 87552K, used 1099K [0x0000000080000000, 0x0000000085580000, 0x00000000d5580000)
  object space 87552K, 1% used [0x0000000080000000,0x0000000080112e18,0x0000000085580000)
 Metaspace       used 15232K, capacity 15798K, committed 16000K, reserved 1062912K
  class space    used 2007K, capacity 2165K, committed 2176K, reserved 1048576K
Event: 10.237 GC heap after
Heap after GC invocations=4 (full 0):
 PSYoungGen      total 38400K, used 5104K [0x00000000d5580000, 0x00000000d8000000, 0x0000000100000000)
  eden space 33280K, 0% used [0x00000000d5580000,0x00000000d5580000,0x00000000d7600000)
  from space 5120K, 99% used [0x00000000d7b00000,0x00000000d7ffc0f0,0x00000000d8000000)
  to   space 5120K, 0% used [0x00000000d7600000,0x00000000d7600000,0x00000000d7b00000)
 ParOldGen       total 87552K, used 3290K [0x0000000080000000, 0x0000000085580000, 0x00000000d5580000)
  object space 87552K, 3% used [0x0000000080000000,0x0000000080336800,0x0000000085580000)
 Metaspace       used 15232K, capacity 15798K, committed 16000K, reserved 1062912K
  class space    used 2007K, capacity 2165K, committed 2176K, reserved 1048576K
}

Deoptimization events (10 events):
Event: 8.857 Thread 0x000000001a0a4000 Uncommon trap: reason=bimorphic action=maybe_recompile pc=0x0000000002a97c30 method=java.util.HashMap.putVal(ILjava/lang/Object;Ljava/lang/Object;ZZ)Ljava/lang/Object; @ 253
Event: 8.858 Thread 0x000000001a0a4000 Uncommon trap: reason=bimorphic action=maybe_recompile pc=0x0000000002a97c30 method=java.util.HashMap.putVal(ILjava/lang/Object;Ljava/lang/Object;ZZ)Ljava/lang/Object; @ 253
Event: 8.858 Thread 0x000000001a0a4000 Uncommon trap: reason=bimorphic action=maybe_recompile pc=0x0000000002a97c30 method=java.util.HashMap.putVal(ILjava/lang/Object;Ljava/lang/Object;ZZ)Ljava/lang/Object; @ 253
Event: 8.858 Thread 0x000000001a0a4000 Uncommon trap: reason=bimorphic action=maybe_recompile pc=0x0000000002a97c30 method=java.util.HashMap.putVal(ILjava/lang/Object;Ljava/lang/Object;ZZ)Ljava/lang/Object; @ 253
Event: 8.858 Thread 0x000000001a0a4000 Uncommon trap: reason=bimorphic action=maybe_recompile pc=0x0000000002ab560c method=java.util.HashMap.putVal(ILjava/lang/Object;Ljava/lang/Object;ZZ)Ljava/lang/Object; @ 253
Event: 9.834 Thread 0x000000001a0a4000 Uncommon trap: reason=class_check action=maybe_recompile pc=0x0000000002ad4658 method=java.util.regex.Matcher.match(II)Z @ 86
Event: 9.899 Thread 0x000000001a0a4000 Uncommon trap: reason=class_check action=maybe_recompile pc=0x0000000002ad4658 method=java.util.regex.Matcher.match(II)Z @ 86
Event: 9.901 Thread 0x000000001a0a4000 Uncommon trap: reason=class_check action=maybe_recompile pc=0x0000000002ad4658 method=java.util.regex.Matcher.match(II)Z @ 86
Event: 9.901 Thread 0x000000001a0a4000 Uncommon trap: reason=class_check action=maybe_recompile pc=0x000000000295f88c method=java.util.regex.Matcher.match(II)Z @ 86
Event: 10.330 Thread 0x000000001a0a4000 Uncommon trap: reason=unstable_if action=reinterpret pc=0x0000000002acffdc method=java.io.File.getName()Ljava/lang/String; @ 16

Classes redefined (0 events):
No events

Internal exceptions (10 events):
Event: 8.600 Thread 0x0000000018d33000 Exception <a 'java/lang/NoSuchMethodError': <clinit>> (0x00000000d7476b18) thrown at [C:\src\AOSP-openjdk-git\hotspot\src\share\vm\prims\jni.cpp, line 1615]
Event: 8.603 Thread 0x0000000018d33000 Exception <a 'java/lang/NoSuchMethodError': <clinit>> (0x00000000d747f6b8) thrown at [C:\src\AOSP-openjdk-git\hotspot\src\share\vm\prims\jni.cpp, line 1615]
Event: 8.610 Thread 0x0000000018d33000 Exception <a 'java/lang/NoSuchMethodError': <clinit>> (0x00000000d7495a10) thrown at [C:\src\AOSP-openjdk-git\hotspot\src\share\vm\prims\jni.cpp, line 1615]
Event: 8.656 Thread 0x0000000018d33000 Exception <a 'java/lang/NoSuchMethodError': <clinit>> (0x00000000d7511590) thrown at [C:\src\AOSP-openjdk-git\hotspot\src\share\vm\prims\jni.cpp, line 1615]
Event: 8.682 Thread 0x0000000018d33000 Exception <a 'java/lang/NoSuchMethodError': <clinit>> (0x00000000d7540c70) thrown at [C:\src\AOSP-openjdk-git\hotspot\src\share\vm\prims\jni.cpp, line 1615]
Event: 8.707 Thread 0x0000000018d33000 Exception <a 'java/lang/NoSuchMethodError': <clinit>> (0x00000000d756f1d8) thrown at [C:\src\AOSP-openjdk-git\hotspot\src\share\vm\prims\jni.cpp, line 1615]
Event: 8.716 Thread 0x0000000018d33000 Exception <a 'java/lang/NoSuchMethodError': <clinit>> (0x00000000d757b650) thrown at [C:\src\AOSP-openjdk-git\hotspot\src\share\vm\prims\jni.cpp, line 1615]
Event: 10.479 Thread 0x000000001a0a4000 Exception <a 'java/lang/NoSuchMethodError': java.lang.Object.lambda$and$0(Ljava/util/function/Predicate;Ljava/lang/Object;)Z> (0x00000000d58b46c0) thrown at [C:\src\AOSP-openjdk-git\hotspot\src\share\vm\interpreter\linkResolver.cpp, line 620]
Event: 10.508 Thread 0x000000001a0a4000 Exception <a 'java/lang/IncompatibleClassChangeError': Found class java.lang.Object, but interface was expected> (0x00000000d58c49b8) thrown at [C:\src\AOSP-openjdk-git\hotspot\src\share\vm\interpreter\linkResolver.cpp, line 653]
Event: 10.518 Thread 0x000000001a0a4000 Exception <a 'java/lang/NoSuchMethodError': java.lang.Object.lambda$or$2(Ljava/util/function/Predicate;Ljava/lang/Object;)Z> (0x00000000d58c9508) thrown at [C:\src\AOSP-openjdk-git\hotspot\src\share\vm\interpreter\linkResolver.cpp, line 620]

Events (10 events):
Event: 10.875 loading class org/gradle/internal/resolve/resolver/ComponentMetaDataResolver
Event: 10.875 loading class org/gradle/internal/resolve/resolver/ComponentMetaDataResolver done
Event: 10.877 loading class org/gradle/internal/resolve/resolver/DependencyToComponentIdResolver
Event: 10.877 loading class org/gradle/internal/resolve/resolver/DependencyToComponentIdResolver done
Event: 10.879 loading class org/gradle/internal/resolve/resolver/ArtifactResolver
Event: 10.879 loading class org/gradle/internal/resolve/resolver/ArtifactResolver done
Event: 10.880 loading class org/gradle/internal/resolve/resolver/OriginArtifactSelector
Event: 10.880 loading class org/gradle/internal/resolve/resolver/OriginArtifactSelector done
Event: 10.881 loading class org/gradle/api/internal/artifacts/ivyservice/ivyresolve/ComponentResolvers
Event: 10.881 loading class org/gradle/api/internal/artifacts/ivyservice/ivyresolve/ComponentResolvers done


Dynamic libraries:
0x00007ff71f6a0000 - 0x00007ff71f6d1000 	C:\Program Files\Android\Android Studio\jre\bin\java.exe
0x00007fff0ce00000 - 0x00007fff0cfc2000 	C:\Windows\SYSTEM32\ntdll.dll
0x00007fff0c890000 - 0x00007fff0c93d000 	C:\Windows\system32\KERNEL32.DLL
0x00007fff0a2e0000 - 0x00007fff0a4bd000 	C:\Windows\system32\KERNELBASE.dll
0x00007fff0cd40000 - 0x00007fff0cde6000 	C:\Windows\system32\ADVAPI32.dll
0x00007fff0cca0000 - 0x00007fff0cd3d000 	C:\Windows\system32\msvcrt.dll
0x00007fff0a6b0000 - 0x00007fff0a70b000 	C:\Windows\system32\sechost.dll
0x00007fff0c760000 - 0x00007fff0c886000 	C:\Windows\system32\RPCRT4.dll
0x00007fff0a4c0000 - 0x00007fff0a60e000 	C:\Windows\system32\USER32.dll
0x00007fff0bd20000 - 0x00007fff0bea3000 	C:\Windows\system32\GDI32.dll
0x00007fff01d60000 - 0x00007fff01fd4000 	C:\Windows\WinSxS\amd64_microsoft.windows.common-controls_6595b64144ccf1df_6.0.10240.17184_none_f41d7a705752bce6\COMCTL32.dll
0x00007fff0a670000 - 0x00007fff0a6a6000 	C:\Windows\system32\IMM32.DLL
0x00007fff0c2e0000 - 0x00007fff0c43c000 	C:\Windows\system32\MSCTF.dll
0x0000000075840000 - 0x0000000075912000 	C:\Program Files\Android\Android Studio\jre\jre\bin\msvcr100.dll
0x0000000075a00000 - 0x000000007624b000 	C:\Program Files\Android\Android Studio\jre\jre\bin\server\jvm.dll
0x00007fff0c4c0000 - 0x00007fff0c4c8000 	C:\Windows\system32\PSAPI.DLL
0x00007fff07e10000 - 0x00007fff07e19000 	C:\Windows\SYSTEM32\WSOCK32.dll
0x00007fff0c940000 - 0x00007fff0c9a9000 	C:\Windows\system32\WS2_32.dll
0x00007fff0cdf0000 - 0x00007fff0cdf8000 	C:\Windows\system32\NSI.dll
0x00007fff07a90000 - 0x00007fff07ab3000 	C:\Windows\SYSTEM32\WINMM.dll
0x00007fff00c90000 - 0x00007fff00c9a000 	C:\Windows\SYSTEM32\VERSION.dll
0x0000000000cf0000 - 0x0000000000d1c000 	C:\Windows\SYSTEM32\WINMMBASE.dll
0x00007fff0a290000 - 0x00007fff0a2d4000 	C:\Windows\system32\cfgmgr32.dll
0x00007fff08100000 - 0x00007fff08127000 	C:\Windows\SYSTEM32\DEVOBJ.dll
0x00007fff07dc0000 - 0x00007fff07dcf000 	C:\Program Files\Android\Android Studio\jre\jre\bin\verify.dll
0x00007fff03b90000 - 0x00007fff03bb9000 	C:\Program Files\Android\Android Studio\jre\jre\bin\java.dll
0x00007fff03550000 - 0x00007fff03566000 	C:\Program Files\Android\Android Studio\jre\jre\bin\zip.dll
0x00007fff0a7f0000 - 0x00007fff0bd13000 	C:\Windows\system32\SHELL32.dll
0x00007fff09c60000 - 0x00007fff0a289000 	C:\Windows\system32\windows.storage.dll
0x00007fff0c9b0000 - 0x00007fff0cc2c000 	C:\Windows\system32\combase.dll
0x00007fff0a610000 - 0x00007fff0a661000 	C:\Windows\system32\shlwapi.dll
0x00007fff09860000 - 0x00007fff0986f000 	C:\Windows\system32\kernel.appcore.dll
0x00007fff09b40000 - 0x00007fff09bf3000 	C:\Windows\system32\shcore.dll
0x00007fff09870000 - 0x00007fff098ba000 	C:\Windows\system32\powrprof.dll
0x00007fff09840000 - 0x00007fff09853000 	C:\Windows\system32\profapi.dll
0x00007fff00730000 - 0x00007fff0074a000 	C:\Program Files\Android\Android Studio\jre\jre\bin\net.dll
0x00007fff09090000 - 0x00007fff090ed000 	C:\Windows\system32\mswsock.dll
0x00007fff00710000 - 0x00007fff00723000 	C:\Program Files\Android\Android Studio\jre\jre\bin\nio.dll
0x00007ffef3c30000 - 0x00007ffef3c57000 	C:\Users\Dazai\.gradle\native\f6784746aeab05261644944871eae4fe03e0ef1612fff0a4a95f87b438bc6780\windows-amd64\native-platform.dll
0x00007fff07750000 - 0x00007fff0775d000 	C:\Program Files\Android\Android Studio\jre\jre\bin\management.dll
0x00007fff090f0000 - 0x00007fff09107000 	C:\Windows\SYSTEM32\CRYPTSP.dll
0x00007fff09640000 - 0x00007fff09668000 	C:\Windows\SYSTEM32\bcrypt.dll
0x00007fff08d40000 - 0x00007fff08d73000 	C:\Windows\system32\rsaenh.dll
0x00007fff08ee0000 - 0x00007fff08eff000 	C:\Windows\SYSTEM32\USERENV.dll
0x00007fff09670000 - 0x00007fff096db000 	C:\Windows\system32\bcryptprimitives.dll
0x00007fff09260000 - 0x00007fff0926b000 	C:\Windows\SYSTEM32\CRYPTBASE.dll
0x00007fff05b20000 - 0x00007fff05b58000 	C:\Windows\SYSTEM32\IPHLPAPI.DLL
0x00007fff05bd0000 - 0x00007fff05bdb000 	C:\Windows\SYSTEM32\WINNSI.DLL
0x00007fff04900000 - 0x00007fff04916000 	C:\Windows\SYSTEM32\dhcpcsvc6.DLL
0x00007fff05a10000 - 0x00007fff05a2a000 	C:\Windows\SYSTEM32\dhcpcsvc.DLL

VM Arguments:
jvm_args: -Xmx2048m -Dfile.encoding=UTF-8 -Duser.country=US -Duser.language=en -Duser.variant 
java_command: org.gradle.launcher.daemon.bootstrap.GradleDaemon 6.5
java_class_path (initial): C:\Users\Dazai\.gradle\wrapper\dists\gradle-6.5-bin\6nifqtx7604sqp1q6g8wikw7p\gradle-6.5\lib\gradle-launcher-6.5.jar
Launcher Type: SUN_STANDARD

Environment Variables:
PATH=C:\Windows\system32;C:\Windows;C:\Windows\System32\Wbem;C:\Windows\System32\WindowsPowerShell\v1.0\;C:\Program Files\Git\cmd;;C:\Users\Dazai\AppData\Local\Programs\Microsoft VS Code\bin;C:\flutter\bin
USERNAME=Dazai
OS=Windows_NT
PROCESSOR_IDENTIFIER=Intel64 Family 6 Model 69 Stepping 1, GenuineIntel



---------------  S Y S T E M  ---------------

OS: Windows 10.0 , 64 bit Build 10240 (10.0.10240.17113)

CPU:total 4 (initial active 4) (2 cores per cpu, 2 threads per core) family 6 model 69 stepping 1, cmov, cx8, fxsr, mmx, sse, sse2, sse3, ssse3, sse4.1, sse4.2, popcnt, avx, avx2, aes, clmul, erms, lzcnt, ht, tsc, tscinvbit, bmi1, bmi2

Memory: 4k page, physical 8290776k(1873444k free), swap 33456600k(2048k free)

vm_info: OpenJDK 64-Bit Server VM (25.242-b01) for windows-amd64 JRE (1.8.0_242-release-1644-b01), built by "builder" with MS VC++ 10.0 (VS2010)

time: Wed Jul 21 09:56:38 2021
timezone: Myanmar Standard Time
elapsed time: 10 seconds (0d 0h 0m 10s)

